<?xml version="1.0" encoding="UTF-8"?>
<!-- Generated by org.testng.reporters.JUnitReportReporter -->
<testsuite hostname="DESKTOP-L74G382" failures="0" tests="1" name="RegistrationPage.RegistrationTest" time="16.999" errors="0" timestamp="2023-09-06T18:41:24 IST" skipped="0">
  <testcase classname="RegistrationPage.RegistrationTest" name="verifyFlightRegistration" time="16.999"/>
</testsuite> <!-- RegistrationPage.RegistrationTest -->
